<?xml version="1.0" encoding="UTF-8"?>
<testsuite xmlns:xsi="http://www.w3.org/2001/XMLSchema-instance" xsi:noNamespaceSchemaLocation="https://maven.apache.org/surefire/maven-surefire-plugin/xsd/surefire-test-report-3.0.xsd" version="3.0" name="TestSuite" time="15.621" tests="10" errors="0" skipped="0" failures="0">
  <properties>
    <property name="sun.desktop" value="windows"/>
    <property name="awt.toolkit" value="sun.awt.windows.WToolkit"/>
    <property name="java.specification.version" value="11"/>
    <property name="sun.cpu.isalist" value="amd64"/>
    <property name="sun.jnu.encoding" value="Cp1252"/>
    <property name="java.class.path" value="C:\Users\02155Y744\eclipse-workspace\PetstoreFramework\target\test-classes;C:\Users\02155Y744\eclipse-workspace\PetstoreFramework\target\classes;C:\Users\02155Y744\.m2\repository\org\testng\testng\7.4.0\testng-7.4.0.jar;C:\Users\02155Y744\.m2\repository\com\beust\jcommander\1.78\jcommander-1.78.jar;C:\Users\02155Y744\.m2\repository\org\webjars\jquery\3.5.1\jquery-3.5.1.jar;C:\Users\02155Y744\.m2\repository\org\apache\logging\log4j\log4j-api\2.22.0\log4j-api-2.22.0.jar;C:\Users\02155Y744\.m2\repository\org\apache\logging\log4j\log4j-core\2.22.0\log4j-core-2.22.0.jar;C:\Users\02155Y744\.m2\repository\com\aventstack\extentreports\3.0.0\extentreports-3.0.0.jar;C:\Users\02155Y744\.m2\repository\org\freemarker\freemarker\2.3.23\freemarker-2.3.23.jar;C:\Users\02155Y744\.m2\repository\org\mongodb\mongodb-driver\3.3.0\mongodb-driver-3.3.0.jar;C:\Users\02155Y744\.m2\repository\org\mongodb\bson\3.3.0\bson-3.3.0.jar;C:\Users\02155Y744\.m2\repository\org\mongodb\mongodb-driver-core\3.3.0\mongodb-driver-core-3.3.0.jar;C:\Users\02155Y744\.m2\repository\org\apache\httpcomponents\httpclient\4.5.2\httpclient-4.5.2.jar;C:\Users\02155Y744\.m2\repository\org\apache\httpcomponents\httpcore\4.4.4\httpcore-4.4.4.jar;C:\Users\02155Y744\.m2\repository\commons-logging\commons-logging\1.2\commons-logging-1.2.jar;C:\Users\02155Y744\.m2\repository\org\apache\httpcomponents\httpmime\4.5.2\httpmime-4.5.2.jar;C:\Users\02155Y744\.m2\repository\com\github\javafaker\javafaker\1.0.2\javafaker-1.0.2.jar;C:\Users\02155Y744\.m2\repository\org\apache\commons\commons-lang3\3.5\commons-lang3-3.5.jar;C:\Users\02155Y744\.m2\repository\org\yaml\snakeyaml\1.23\snakeyaml-1.23-android.jar;C:\Users\02155Y744\.m2\repository\com\github\mifmif\generex\1.0.2\generex-1.0.2.jar;C:\Users\02155Y744\.m2\repository\dk\brics\automaton\automaton\1.11-8\automaton-1.11-8.jar;C:\Users\02155Y744\.m2\repository\org\apache\poi\poi\5.2.2\poi-5.2.2.jar;C:\Users\02155Y744\.m2\repository\commons-codec\commons-codec\1.15\commons-codec-1.15.jar;C:\Users\02155Y744\.m2\repository\org\apache\commons\commons-collections4\4.4\commons-collections4-4.4.jar;C:\Users\02155Y744\.m2\repository\org\apache\commons\commons-math3\3.6.1\commons-math3-3.6.1.jar;C:\Users\02155Y744\.m2\repository\commons-io\commons-io\2.11.0\commons-io-2.11.0.jar;C:\Users\02155Y744\.m2\repository\com\zaxxer\SparseBitSet\1.2\SparseBitSet-1.2.jar;C:\Users\02155Y744\.m2\repository\org\apache\poi\poi-ooxml\5.2.2\poi-ooxml-5.2.2.jar;C:\Users\02155Y744\.m2\repository\org\apache\poi\poi-ooxml-lite\5.2.2\poi-ooxml-lite-5.2.2.jar;C:\Users\02155Y744\.m2\repository\org\apache\xmlbeans\xmlbeans\5.0.3\xmlbeans-5.0.3.jar;C:\Users\02155Y744\.m2\repository\org\apache\commons\commons-compress\1.21\commons-compress-1.21.jar;C:\Users\02155Y744\.m2\repository\com\github\virtuald\curvesapi\1.07\curvesapi-1.07.jar;C:\Users\02155Y744\.m2\repository\io\rest-assured\json-schema-validator\4.0.0\json-schema-validator-4.0.0.jar;C:\Users\02155Y744\.m2\repository\com\github\java-json-tools\json-schema-validator\2.2.10\json-schema-validator-2.2.10.jar;C:\Users\02155Y744\.m2\repository\com\github\java-json-tools\json-schema-core\1.2.10\json-schema-core-1.2.10.jar;C:\Users\02155Y744\.m2\repository\com\github\java-json-tools\jackson-coreutils\1.9\jackson-coreutils-1.9.jar;C:\Users\02155Y744\.m2\repository\com\fasterxml\jackson\core\jackson-databind\2.2.3\jackson-databind-2.2.3.jar;C:\Users\02155Y744\.m2\repository\com\fasterxml\jackson\core\jackson-annotations\2.2.3\jackson-annotations-2.2.3.jar;C:\Users\02155Y744\.m2\repository\com\fasterxml\jackson\core\jackson-core\2.2.3\jackson-core-2.2.3.jar;C:\Users\02155Y744\.m2\repository\com\google\guava\guava\16.0.1\guava-16.0.1.jar;C:\Users\02155Y744\.m2\repository\com\github\fge\msg-simple\1.1\msg-simple-1.1.jar;C:\Users\02155Y744\.m2\repository\com\github\fge\btf\1.2\btf-1.2.jar;C:\Users\02155Y744\.m2\repository\com\github\fge\uri-template\0.9\uri-template-0.9.jar;C:\Users\02155Y744\.m2\repository\org\mozilla\rhino\1.7.7.1\rhino-1.7.7.1.jar;C:\Users\02155Y744\.m2\repository\javax\mail\mailapi\1.4.3\mailapi-1.4.3.jar;C:\Users\02155Y744\.m2\repository\javax\activation\activation\1.1\activation-1.1.jar;C:\Users\02155Y744\.m2\repository\joda-time\joda-time\2.9.7\joda-time-2.9.7.jar;C:\Users\02155Y744\.m2\repository\com\googlecode\libphonenumber\libphonenumber\8.0.0\libphonenumber-8.0.0.jar;C:\Users\02155Y744\.m2\repository\com\google\code\findbugs\jsr305\3.0.1\jsr305-3.0.1.jar;C:\Users\02155Y744\.m2\repository\net\sf\jopt-simple\jopt-simple\5.0.3\jopt-simple-5.0.3.jar;C:\Users\02155Y744\.m2\repository\org\hamcrest\hamcrest-core\2.1\hamcrest-core-2.1.jar;C:\Users\02155Y744\.m2\repository\io\rest-assured\json-path\4.4.0\json-path-4.4.0.jar;C:\Users\02155Y744\.m2\repository\org\codehaus\groovy\groovy-json\3.0.8\groovy-json-3.0.8.jar;C:\Users\02155Y744\.m2\repository\io\rest-assured\rest-assured-common\4.4.0\rest-assured-common-4.4.0.jar;C:\Users\02155Y744\.m2\repository\com\googlecode\json-simple\json-simple\1.1.1\json-simple-1.1.1.jar;C:\Users\02155Y744\.m2\repository\junit\junit\4.10\junit-4.10.jar;C:\Users\02155Y744\.m2\repository\io\rest-assured\xml-path\4.4.0\xml-path-4.4.0.jar;C:\Users\02155Y744\.m2\repository\org\ccil\cowan\tagsoup\tagsoup\1.2.1\tagsoup-1.2.1.jar;C:\Users\02155Y744\.m2\repository\jakarta\xml\bind\jakarta.xml.bind-api\2.3.3\jakarta.xml.bind-api-2.3.3.jar;C:\Users\02155Y744\.m2\repository\jakarta\activation\jakarta.activation-api\1.2.2\jakarta.activation-api-1.2.2.jar;C:\Users\02155Y744\.m2\repository\com\sun\xml\bind\jaxb-impl\2.3.3\jaxb-impl-2.3.3.jar;C:\Users\02155Y744\.m2\repository\io\rest-assured\rest-assured\4.4.0\rest-assured-4.4.0.jar;C:\Users\02155Y744\.m2\repository\org\hamcrest\hamcrest\2.1\hamcrest-2.1.jar;C:\Users\02155Y744\.m2\repository\org\liquibase\liquibase-groovy-dsl\2.1.1\liquibase-groovy-dsl-2.1.1.jar;C:\Users\02155Y744\.m2\repository\org\codehaus\groovy\groovy\3.0.3\groovy-3.0.3.jar;C:\Users\02155Y744\.m2\repository\org\codehaus\groovy\groovy-xml\3.0.0-rc-3\groovy-xml-3.0.0-rc-3.jar;C:\Users\02155Y744\.m2\repository\org\codehaus\groovy\groovy-sql\3.0.3\groovy-sql-3.0.3.jar;"/>
    <property name="java.vm.vendor" value="Oracle Corporation"/>
    <property name="sun.arch.data.model" value="64"/>
    <property name="user.variant" value=""/>
    <property name="java.vendor.url" value="https://openjdk.java.net/"/>
    <property name="user.timezone" value="Asia/Calcutta"/>
    <property name="java.vm.specification.version" value="11"/>
    <property name="os.name" value="Windows 11"/>
    <property name="sun.java.launcher" value="SUN_STANDARD"/>
    <property name="user.country" value="US"/>
    <property name="sun.boot.library.path" value="C:\Program Files\Java\jdk-11.0.14\bin"/>
    <property name="sun.java.command" value="C:\Users\02155Y744\AppData\Local\Temp\surefire16221170770739126065\surefirebooter2429866901506220521.jar C:\Users\02155Y744\AppData\Local\Temp\surefire16221170770739126065 2023-12-22T09-19-43_824-jvmRun1 surefire17656441454065178852tmp surefire_016719392668090211977tmp"/>
    <property name="jdk.debug" value="release"/>
    <property name="surefire.test.class.path" value="C:\Users\02155Y744\eclipse-workspace\PetstoreFramework\target\test-classes;C:\Users\02155Y744\eclipse-workspace\PetstoreFramework\target\classes;C:\Users\02155Y744\.m2\repository\org\testng\testng\7.4.0\testng-7.4.0.jar;C:\Users\02155Y744\.m2\repository\com\beust\jcommander\1.78\jcommander-1.78.jar;C:\Users\02155Y744\.m2\repository\org\webjars\jquery\3.5.1\jquery-3.5.1.jar;C:\Users\02155Y744\.m2\repository\org\apache\logging\log4j\log4j-api\2.22.0\log4j-api-2.22.0.jar;C:\Users\02155Y744\.m2\repository\org\apache\logging\log4j\log4j-core\2.22.0\log4j-core-2.22.0.jar;C:\Users\02155Y744\.m2\repository\com\aventstack\extentreports\3.0.0\extentreports-3.0.0.jar;C:\Users\02155Y744\.m2\repository\org\freemarker\freemarker\2.3.23\freemarker-2.3.23.jar;C:\Users\02155Y744\.m2\repository\org\mongodb\mongodb-driver\3.3.0\mongodb-driver-3.3.0.jar;C:\Users\02155Y744\.m2\repository\org\mongodb\bson\3.3.0\bson-3.3.0.jar;C:\Users\02155Y744\.m2\repository\org\mongodb\mongodb-driver-core\3.3.0\mongodb-driver-core-3.3.0.jar;C:\Users\02155Y744\.m2\repository\org\apache\httpcomponents\httpclient\4.5.2\httpclient-4.5.2.jar;C:\Users\02155Y744\.m2\repository\org\apache\httpcomponents\httpcore\4.4.4\httpcore-4.4.4.jar;C:\Users\02155Y744\.m2\repository\commons-logging\commons-logging\1.2\commons-logging-1.2.jar;C:\Users\02155Y744\.m2\repository\org\apache\httpcomponents\httpmime\4.5.2\httpmime-4.5.2.jar;C:\Users\02155Y744\.m2\repository\com\github\javafaker\javafaker\1.0.2\javafaker-1.0.2.jar;C:\Users\02155Y744\.m2\repository\org\apache\commons\commons-lang3\3.5\commons-lang3-3.5.jar;C:\Users\02155Y744\.m2\repository\org\yaml\snakeyaml\1.23\snakeyaml-1.23-android.jar;C:\Users\02155Y744\.m2\repository\com\github\mifmif\generex\1.0.2\generex-1.0.2.jar;C:\Users\02155Y744\.m2\repository\dk\brics\automaton\automaton\1.11-8\automaton-1.11-8.jar;C:\Users\02155Y744\.m2\repository\org\apache\poi\poi\5.2.2\poi-5.2.2.jar;C:\Users\02155Y744\.m2\repository\commons-codec\commons-codec\1.15\commons-codec-1.15.jar;C:\Users\02155Y744\.m2\repository\org\apache\commons\commons-collections4\4.4\commons-collections4-4.4.jar;C:\Users\02155Y744\.m2\repository\org\apache\commons\commons-math3\3.6.1\commons-math3-3.6.1.jar;C:\Users\02155Y744\.m2\repository\commons-io\commons-io\2.11.0\commons-io-2.11.0.jar;C:\Users\02155Y744\.m2\repository\com\zaxxer\SparseBitSet\1.2\SparseBitSet-1.2.jar;C:\Users\02155Y744\.m2\repository\org\apache\poi\poi-ooxml\5.2.2\poi-ooxml-5.2.2.jar;C:\Users\02155Y744\.m2\repository\org\apache\poi\poi-ooxml-lite\5.2.2\poi-ooxml-lite-5.2.2.jar;C:\Users\02155Y744\.m2\repository\org\apache\xmlbeans\xmlbeans\5.0.3\xmlbeans-5.0.3.jar;C:\Users\02155Y744\.m2\repository\org\apache\commons\commons-compress\1.21\commons-compress-1.21.jar;C:\Users\02155Y744\.m2\repository\com\github\virtuald\curvesapi\1.07\curvesapi-1.07.jar;C:\Users\02155Y744\.m2\repository\io\rest-assured\json-schema-validator\4.0.0\json-schema-validator-4.0.0.jar;C:\Users\02155Y744\.m2\repository\com\github\java-json-tools\json-schema-validator\2.2.10\json-schema-validator-2.2.10.jar;C:\Users\02155Y744\.m2\repository\com\github\java-json-tools\json-schema-core\1.2.10\json-schema-core-1.2.10.jar;C:\Users\02155Y744\.m2\repository\com\github\java-json-tools\jackson-coreutils\1.9\jackson-coreutils-1.9.jar;C:\Users\02155Y744\.m2\repository\com\fasterxml\jackson\core\jackson-databind\2.2.3\jackson-databind-2.2.3.jar;C:\Users\02155Y744\.m2\repository\com\fasterxml\jackson\core\jackson-annotations\2.2.3\jackson-annotations-2.2.3.jar;C:\Users\02155Y744\.m2\repository\com\fasterxml\jackson\core\jackson-core\2.2.3\jackson-core-2.2.3.jar;C:\Users\02155Y744\.m2\repository\com\google\guava\guava\16.0.1\guava-16.0.1.jar;C:\Users\02155Y744\.m2\repository\com\github\fge\msg-simple\1.1\msg-simple-1.1.jar;C:\Users\02155Y744\.m2\repository\com\github\fge\btf\1.2\btf-1.2.jar;C:\Users\02155Y744\.m2\repository\com\github\fge\uri-template\0.9\uri-template-0.9.jar;C:\Users\02155Y744\.m2\repository\org\mozilla\rhino\1.7.7.1\rhino-1.7.7.1.jar;C:\Users\02155Y744\.m2\repository\javax\mail\mailapi\1.4.3\mailapi-1.4.3.jar;C:\Users\02155Y744\.m2\repository\javax\activation\activation\1.1\activation-1.1.jar;C:\Users\02155Y744\.m2\repository\joda-time\joda-time\2.9.7\joda-time-2.9.7.jar;C:\Users\02155Y744\.m2\repository\com\googlecode\libphonenumber\libphonenumber\8.0.0\libphonenumber-8.0.0.jar;C:\Users\02155Y744\.m2\repository\com\google\code\findbugs\jsr305\3.0.1\jsr305-3.0.1.jar;C:\Users\02155Y744\.m2\repository\net\sf\jopt-simple\jopt-simple\5.0.3\jopt-simple-5.0.3.jar;C:\Users\02155Y744\.m2\repository\org\hamcrest\hamcrest-core\2.1\hamcrest-core-2.1.jar;C:\Users\02155Y744\.m2\repository\io\rest-assured\json-path\4.4.0\json-path-4.4.0.jar;C:\Users\02155Y744\.m2\repository\org\codehaus\groovy\groovy-json\3.0.8\groovy-json-3.0.8.jar;C:\Users\02155Y744\.m2\repository\io\rest-assured\rest-assured-common\4.4.0\rest-assured-common-4.4.0.jar;C:\Users\02155Y744\.m2\repository\com\googlecode\json-simple\json-simple\1.1.1\json-simple-1.1.1.jar;C:\Users\02155Y744\.m2\repository\junit\junit\4.10\junit-4.10.jar;C:\Users\02155Y744\.m2\repository\io\rest-assured\xml-path\4.4.0\xml-path-4.4.0.jar;C:\Users\02155Y744\.m2\repository\org\ccil\cowan\tagsoup\tagsoup\1.2.1\tagsoup-1.2.1.jar;C:\Users\02155Y744\.m2\repository\jakarta\xml\bind\jakarta.xml.bind-api\2.3.3\jakarta.xml.bind-api-2.3.3.jar;C:\Users\02155Y744\.m2\repository\jakarta\activation\jakarta.activation-api\1.2.2\jakarta.activation-api-1.2.2.jar;C:\Users\02155Y744\.m2\repository\com\sun\xml\bind\jaxb-impl\2.3.3\jaxb-impl-2.3.3.jar;C:\Users\02155Y744\.m2\repository\io\rest-assured\rest-assured\4.4.0\rest-assured-4.4.0.jar;C:\Users\02155Y744\.m2\repository\org\hamcrest\hamcrest\2.1\hamcrest-2.1.jar;C:\Users\02155Y744\.m2\repository\org\liquibase\liquibase-groovy-dsl\2.1.1\liquibase-groovy-dsl-2.1.1.jar;C:\Users\02155Y744\.m2\repository\org\codehaus\groovy\groovy\3.0.3\groovy-3.0.3.jar;C:\Users\02155Y744\.m2\repository\org\codehaus\groovy\groovy-xml\3.0.0-rc-3\groovy-xml-3.0.0-rc-3.jar;C:\Users\02155Y744\.m2\repository\org\codehaus\groovy\groovy-sql\3.0.3\groovy-sql-3.0.3.jar;"/>
    <property name="sun.cpu.endian" value="little"/>
    <property name="user.home" value="C:\Users\02155Y744"/>
    <property name="user.language" value="en"/>
    <property name="java.specification.vendor" value="Oracle Corporation"/>
    <property name="java.version.date" value="2022-01-18"/>
    <property name="java.home" value="C:\Program Files\Java\jdk-11.0.14"/>
    <property name="file.separator" value="\"/>
    <property name="basedir" value="C:\Users\02155Y744\eclipse-workspace\PetstoreFramework"/>
    <property name="java.vm.compressedOopsMode" value="Zero based"/>
    <property name="line.separator" value="&#10;"/>
    <property name="java.specification.name" value="Java Platform API Specification"/>
    <property name="java.vm.specification.vendor" value="Oracle Corporation"/>
    <property name="java.awt.graphicsenv" value="sun.awt.Win32GraphicsEnvironment"/>
    <property name="surefire.real.class.path" value="C:\Users\02155Y744\AppData\Local\Temp\surefire16221170770739126065\surefirebooter2429866901506220521.jar"/>
    <property name="user.script" value=""/>
    <property name="sun.management.compiler" value="HotSpot 64-Bit Tiered Compilers"/>
    <property name="java.runtime.version" value="11.0.14+8-LTS-263"/>
    <property name="user.name" value="VipinMishra"/>
    <property name="path.separator" value=";"/>
    <property name="os.version" value="10.0"/>
    <property name="java.runtime.name" value="Java(TM) SE Runtime Environment"/>
    <property name="file.encoding" value="Cp1252"/>
    <property name="java.vm.name" value="Java HotSpot(TM) 64-Bit Server VM"/>
    <property name="java.vendor.version" value="18.9"/>
    <property name="localRepository" value="C:\Users\02155Y744\.m2\repository"/>
    <property name="java.vendor.url.bug" value="https://bugreport.java.com/bugreport/"/>
    <property name="java.io.tmpdir" value="C:\Users\02155Y~1\AppData\Local\Temp\"/>
    <property name="java.version" value="11.0.14"/>
    <property name="user.dir" value="C:\Users\02155Y744\eclipse-workspace\PetstoreFramework"/>
    <property name="os.arch" value="amd64"/>
    <property name="java.vm.specification.name" value="Java Virtual Machine Specification"/>
    <property name="java.awt.printerjob" value="sun.awt.windows.WPrinterJob"/>
    <property name="sun.os.patch.level" value=""/>
    <property name="java.library.path" value="C:\Program Files\Java\jdk-11.0.14\bin;C:\WINDOWS\Sun\Java\bin;C:\WINDOWS\system32;C:\WINDOWS;C:\Program Files\Common Files\Oracle\Java\javapath;C:\WINDOWS\system32;C:\WINDOWS;C:\WINDOWS\System32\Wbem;C:\WINDOWS\System32\WindowsPowerShell\v1.0\;C:\WINDOWS\System32\OpenSSH\;C:\Program Files\Java\jdk-11.0.14\bin;C:\Program Files\apache-maven-3.8.5-bin\apache-maven-3.8.5\bin;C:\Program Files\Java\jdk-11.0.14;C:\Program Files\apache-maven-3.8.5-bin\apache-maven-3.8.5\;C:\Program Files\apache-maven-3.8.5-bin\apache-maven-3.8.5\\bin;C:\Program Files\Java\jdk-11.0.14;C:\Program Files\Java\jdk-11.0.14\lib;C:\Program Files\Git\bin;C:\Users\02155Y744\AppData\Local\Android\Sdk\platform-tools;C:\Program Files\PuTTY\;C:\Python311\Lib\site-packages\pip;C:\Python311\Scripts\;C:\Python311\;C:\Users\02155Y744\AppData\Local\Microsoft\WindowsApps;C:\Program Files\JetBrains\PyCharm 2022.3.1\bin;C:\Users\02155Y744\AppData\Local\Programs\Microsoft VS Code\bin;C:\Users\02155Y744\AppData\Local\Box\Box Edit\;."/>
    <property name="java.vendor" value="Oracle Corporation"/>
    <property name="java.vm.info" value="mixed mode"/>
    <property name="java.vm.version" value="11.0.14+8-LTS-263"/>
    <property name="sun.io.unicode.encoding" value="UnicodeLittle"/>
    <property name="java.class.version" value="55.0"/>
  </properties>
  <testcase name="createUserDetail" classname="api.test.TC_UserModuleTest_001" time="2.869">
    <system-out><![CDATA[{
    "code": 200,
    "type": "unknown",
    "message": "846274760"
}
]]></system-out>
  </testcase>
  <testcase name="getUserDetail" classname="api.test.TC_UserModuleTest_001" time="1.122">
    <system-out><![CDATA[{
    "id": 846274760,
    "username": "inez.dibbert",
    "firstName": "Bryan",
    "lastName": "Kreiger",
    "email": "liana.streich@yahoo.com",
    "password": "c9di3bh5drbgg",
    "phone": "225.973.4318",
    "userStatus": 0
}
]]></system-out>
  </testcase>
  <testcase name="updateUserDetail" classname="api.test.TC_UserModuleTest_001" time="1.116">
    <system-out><![CDATA[{
    "code": 200,
    "type": "unknown",
    "message": "846274760"
}
]]></system-out>
  </testcase>
  <testcase name="deleteUserDetail" classname="api.test.TC_UserModuleTest_001" time="1.107">
    <system-out><![CDATA[{
    "code": 200,
    "type": "unknown",
    "message": "inez.dibbert"
}
]]></system-out>
  </testcase>
  <testcase name="createUserDetail[121, zena123456, vipin, mishra, vipin@gmail.com, As123, 9867542345, 0](1)" classname="api.test.TC_DDTUserModuleTest_002" time="1.114">
    <system-out><![CDATA[{
    "code": 200,
    "type": "unknown",
    "message": "121"
}
]]></system-out>
  </testcase>
  <testcase name="createUserDetail[122, zena12123, deepak, tiwari, deepak@gmail.com, sd345, 9867589897, 0](2)" classname="api.test.TC_DDTUserModuleTest_002" time="1.183">
    <system-out><![CDATA[{
    "code": 200,
    "type": "unknown",
    "message": "122"
}
]]></system-out>
  </testcase>
  <testcase name="createUserDetail[123, zena12678, ramesh, verma, ramesh@gmail.com, hygf5, 9822242345, 0](3)" classname="api.test.TC_DDTUserModuleTest_002" time="1.13">
    <system-out><![CDATA[{
    "code": 200,
    "type": "unknown",
    "message": "123"
}
]]></system-out>
  </testcase>
  <testcase name="deleteUserDetail[zena123456](1)" classname="api.test.TC_DDTUserModuleTest_002" time="1.091">
    <system-out><![CDATA[{
    "code": 200,
    "type": "unknown",
    "message": "zena123456"
}
]]></system-out>
  </testcase>
  <testcase name="deleteUserDetail[zena12123](2)" classname="api.test.TC_DDTUserModuleTest_002" time="1.126">
    <system-out><![CDATA[{
    "code": 200,
    "type": "unknown",
    "message": "zena12123"
}
]]></system-out>
  </testcase>
  <testcase name="deleteUserDetail[zena12678](3)" classname="api.test.TC_DDTUserModuleTest_002" time="1.113">
    <system-out><![CDATA[{
    "code": 200,
    "type": "unknown",
    "message": "zena12678"
}
]]></system-out>
  </testcase>
</testsuite>