<?xml version="1.0" encoding="UTF-8"?>
<!-- Generated by org.testng.reporters.JUnitReportReporter -->
<testsuite hostname="DESKTOP-N13ARBV" failures="0" tests="6" name="api.test.TC_DDTUserModuleTest_002" time="9.552" errors="0" timestamp="2023-12-21T19:24:23 IST" skipped="0">
  <testcase classname="api.test.TC_DDTUserModuleTest_002" name="createUserDetail" time="1.777"/>
  <system-out/>
  <testcase classname="api.test.TC_DDTUserModuleTest_002" name="createUserDetail" time="1.766"/>
  <system-out/>
  <testcase classname="api.test.TC_DDTUserModuleTest_002" name="createUserDetail" time="1.455"/>
  <system-out/>
  <testcase classname="api.test.TC_DDTUserModuleTest_002" name="deleteUserDetail" time="1.698"/>
  <system-out/>
  <testcase classname="api.test.TC_DDTUserModuleTest_002" name="deleteUserDetail" time="1.572"/>
  <system-out/>
  <testcase classname="api.test.TC_DDTUserModuleTest_002" name="deleteUserDetail" time="1.284"/>
  <system-out/>
</testsuite> <!-- api.test.TC_DDTUserModuleTest_002 -->
