<?xml version="1.0" encoding="UTF-8"?>
<!-- Generated by org.testng.reporters.JUnitReportReporter -->
<testsuite hostname="DESKTOP-N13ARBV" failures="0" tests="4" name="api.test.TC_UserModuleTest_001" time="10.064" errors="0" timestamp="2023-12-21T19:24:23 IST" skipped="0">
  <testcase classname="api.test.TC_UserModuleTest_001" name="createUserDetail" time="5.221"/>
  <system-out/>
  <testcase classname="api.test.TC_UserModuleTest_001" name="getUserDetail" time="2.022"/>
  <system-out/>
  <testcase classname="api.test.TC_UserModuleTest_001" name="updateUserDetail" time="1.623"/>
  <system-out/>
  <testcase classname="api.test.TC_UserModuleTest_001" name="deleteUserDetail" time="1.198"/>
  <system-out/>
</testsuite> <!-- api.test.TC_UserModuleTest_001 -->
