<?xml version="1.0" encoding="UTF-8"?>
<!-- Generated by org.testng.reporters.JUnitReportReporter -->
<testsuite hostname="DESKTOP-N13ARBV" failures="0" tests="6" name="api.test.TC_DDTUserModuleTest_002" time="6.751" errors="0" timestamp="2023-12-22T09:20:00 IST" skipped="0">
  <testcase classname="api.test.TC_DDTUserModuleTest_002" name="createUserDetail" time="1.114"/>
  <system-out/>
  <testcase classname="api.test.TC_DDTUserModuleTest_002" name="createUserDetail" time="1.130"/>
  <system-out/>
  <testcase classname="api.test.TC_DDTUserModuleTest_002" name="createUserDetail" time="1.181"/>
  <system-out/>
  <testcase classname="api.test.TC_DDTUserModuleTest_002" name="deleteUserDetail" time="1.112"/>
  <system-out/>
  <testcase classname="api.test.TC_DDTUserModuleTest_002" name="deleteUserDetail" time="1.090"/>
  <system-out/>
  <testcase classname="api.test.TC_DDTUserModuleTest_002" name="deleteUserDetail" time="1.124"/>
  <system-out/>
</testsuite> <!-- api.test.TC_DDTUserModuleTest_002 -->
