<?xml version="1.0" encoding="UTF-8"?>
<!-- Generated by org.testng.reporters.JUnitReportReporter -->
<testsuite hostname="DESKTOP-N13ARBV" failures="0" tests="4" name="api.test.TC_UserModuleTest_001" time="6.209" errors="0" timestamp="2023-12-22T09:20:00 IST" skipped="0">
  <testcase classname="api.test.TC_UserModuleTest_001" name="createUserDetail" time="2.868"/>
  <system-out/>
  <testcase classname="api.test.TC_UserModuleTest_001" name="getUserDetail" time="1.121"/>
  <system-out/>
  <testcase classname="api.test.TC_UserModuleTest_001" name="updateUserDetail" time="1.115"/>
  <system-out/>
  <testcase classname="api.test.TC_UserModuleTest_001" name="deleteUserDetail" time="1.105"/>
  <system-out/>
</testsuite> <!-- api.test.TC_UserModuleTest_001 -->
